[debug] [2022-10-24T07:49:46.580Z] ----------------------------------------------------------------------
[debug] [2022-10-24T07:49:46.583Z] Command:       D:\node_Js\node.exe C:\Users\Vardhan\AppData\Roaming\npm\node_modules\firebase-tools\lib\bin\firebase.js login
[debug] [2022-10-24T07:49:46.583Z] CLI Version:   11.15.0
[debug] [2022-10-24T07:49:46.584Z] Platform:      win32
[debug] [2022-10-24T07:49:46.584Z] Node Version:  v16.18.0
[debug] [2022-10-24T07:49:46.585Z] Time:          Mon Oct 24 2022 13:19:46 GMT+0530 (India Standard Time)
[debug] [2022-10-24T07:49:46.586Z] ----------------------------------------------------------------------
[debug] 
[info] i  Firebase optionally collects CLI and Emulator Suite usage and error reporting information to help improve our products. Data is collected in accordance with Google's privacy policy (https://policies.google.com/privacy) and is not used to identify you.
 
[info] i  To change your data collection preference at any time, run `firebase logout` and log in again. 
[info] 
[info] Visit this URL on this device to log in:
[info] https://accounts.google.com/o/oauth2/auth?client_id=563584335869-fgrhgmd47bqnekij5i8b5pr03ho849e6.apps.googleusercontent.com&scope=email%20openid%20https%3A%2F%2Fwww.googleapis.com%2Fauth%2Fcloudplatformprojects.readonly%20https%3A%2F%2Fwww.googleapis.com%2Fauth%2Ffirebase%20https%3A%2F%2Fwww.googleapis.com%2Fauth%2Fcloud-platform&response_type=code&state=1058286078&redirect_uri=http%3A%2F%2Flocalhost%3A9005
[info] 
[info] Waiting for authentication...
[debug] [2022-10-24T07:49:49.856Z] Error: spawn cmd ENOENT
    at Process.ChildProcess._handle.onexit (node:internal/child_process:285:19)
    at onErrorNT (node:internal/child_process:485:16)
    at processTicksAndRejections (node:internal/process/task_queues:83:21)
[error] 
[error] Error: An unexpected error has occurred.
[debug] [2022-10-24T07:51:46.915Z] ----------------------------------------------------------------------
[debug] [2022-10-24T07:51:46.918Z] Command:       D:\node_Js\node.exe C:\Users\Vardhan\AppData\Roaming\npm\node_modules\firebase-tools\lib\bin\firebase.js login --debug
[debug] [2022-10-24T07:51:46.919Z] CLI Version:   11.15.0
[debug] [2022-10-24T07:51:46.919Z] Platform:      win32
[debug] [2022-10-24T07:51:46.920Z] Node Version:  v16.18.0
[debug] [2022-10-24T07:51:46.921Z] Time:          Mon Oct 24 2022 13:21:46 GMT+0530 (India Standard Time)
[debug] [2022-10-24T07:51:46.922Z] ----------------------------------------------------------------------
[debug] 
[info] i  Firebase optionally collects CLI and Emulator Suite usage and error reporting information to help improve our products. Data is collected in accordance with Google's privacy policy (https://policies.google.com/privacy) and is not used to identify you.
 
[info] i  To change your data collection preference at any time, run `firebase logout` and log in again. 
[info] 
[info] Visit this URL on this device to log in:
[info] https://accounts.google.com/o/oauth2/auth?client_id=563584335869-fgrhgmd47bqnekij5i8b5pr03ho849e6.apps.googleusercontent.com&scope=email%20openid%20https%3A%2F%2Fwww.googleapis.com%2Fauth%2Fcloudplatformprojects.readonly%20https%3A%2F%2Fwww.googleapis.com%2Fauth%2Ffirebase%20https%3A%2F%2Fwww.googleapis.com%2Fauth%2Fcloud-platform&response_type=code&state=596394977&redirect_uri=http%3A%2F%2Flocalhost%3A9005
[info] 
[info] Waiting for authentication...
[debug] [2022-10-24T07:51:47.118Z] Error: spawn cmd ENOENT
    at Process.ChildProcess._handle.onexit (node:internal/child_process:285:19)
    at onErrorNT (node:internal/child_process:485:16)
    at processTicksAndRejections (node:internal/process/task_queues:83:21)
[error] 
[error] Error: An unexpected error has occurred.
[debug] [2022-10-24T07:51:59.319Z] ----------------------------------------------------------------------
[debug] [2022-10-24T07:51:59.322Z] Command:       D:\node_Js\node.exe C:\Users\Vardhan\AppData\Roaming\npm\node_modules\firebase-tools\lib\bin\firebase.js login --debug
[debug] [2022-10-24T07:51:59.322Z] CLI Version:   11.15.0
[debug] [2022-10-24T07:51:59.322Z] Platform:      win32
[debug] [2022-10-24T07:51:59.323Z] Node Version:  v16.18.0
[debug] [2022-10-24T07:51:59.324Z] Time:          Mon Oct 24 2022 13:21:59 GMT+0530 (India Standard Time)
[debug] [2022-10-24T07:51:59.324Z] ----------------------------------------------------------------------
[debug] 
[info] i  Firebase optionally collects CLI and Emulator Suite usage and error reporting information to help improve our products. Data is collected in accordance with Google's privacy policy (https://policies.google.com/privacy) and is not used to identify you.
 
[info] i  To change your data collection preference at any time, run `firebase logout` and log in again. 
[info] 
[info] Visit this URL on this device to log in:
[info] https://accounts.google.com/o/oauth2/auth?client_id=563584335869-fgrhgmd47bqnekij5i8b5pr03ho849e6.apps.googleusercontent.com&scope=email%20openid%20https%3A%2F%2Fwww.googleapis.com%2Fauth%2Fcloudplatformprojects.readonly%20https%3A%2F%2Fwww.googleapis.com%2Fauth%2Ffirebase%20https%3A%2F%2Fwww.googleapis.com%2Fauth%2Fcloud-platform&response_type=code&state=2840988&redirect_uri=http%3A%2F%2Flocalhost%3A9005
[info] 
[info] Waiting for authentication...
[debug] [2022-10-24T07:52:06.341Z] Error: spawn cmd ENOENT
    at Process.ChildProcess._handle.onexit (node:internal/child_process:285:19)
    at onErrorNT (node:internal/child_process:485:16)
    at processTicksAndRejections (node:internal/process/task_queues:83:21)
[error] 
[error] Error: An unexpected error has occurred.
